<?xml version="1.0" encoding="UTF-8"?>
<!-- Generated by org.testng.reporters.JUnitReportReporter -->
<testsuite hostname="ABCOM-C02GC2A4Q05Q.local" failures="0" tests="3" name="tests.LoginTest" time="193.139" errors="0" timestamp="2025-09-18T18:55:00 IST" skipped="0">
  <testcase classname="tests.LoginTest" name="testSuccessfulLogin" time="80.016"/>
  <testcase classname="tests.LoginTest" name="testLoginWithInvalidEmail" time="55.881"/>
  <testcase classname="tests.LoginTest" name="testLoginWithInvalidPassword" time="57.242"/>
</testsuite> <!-- tests.LoginTest -->
