<?xml version="1.0" encoding="UTF-8"?>
<!-- Generated by org.testng.reporters.JUnitReportReporter -->
<testsuite hostname="ABCOM-C02GC2A4Q05Q.local" failures="0" tests="1" name="tests.LoginTest" time="40.029" errors="0" timestamp="2025-09-15T16:25:32 IST" skipped="0">
  <testcase classname="tests.LoginTest" name="testSuccessfulLogin" time="40.029"/>
</testsuite> <!-- tests.LoginTest -->
